<?xml version="1.0" encoding="UTF-8"?>
<!-- Generated by org.testng.reporters.JUnitReportReporter -->
<testsuite skipped="0" hostname="DELL-PC" name="com.inetbanking.testcases.TC_LoginTest_001" tests="1" failures="0" timestamp="02 May 2019 08:01:48 GMT" time="4.659" errors="0">
  <testcase name="LoginTest" time="4.659" classname="com.inetbanking.testcases.TC_LoginTest_001"/>
</testsuite> <!-- com.inetbanking.testcases.TC_LoginTest_001 -->
